#
# A fatal error has been detected by the Java Runtime Environment:
#
#  SIGSEGV (0xb) at pc=0x0000000110e737b0, pid=3108, tid=9731
#
# JRE version: Java(TM) SE Runtime Environment (10.0+46) (build 10+46)
# Java VM: Java HotSpot(TM) 64-Bit Server VM (10+46, mixed mode, tiered, compressed oops, g1 gc, bsd-amd64)
# Problematic frame:
# V  [libjvm.dylib+0x41d7b0]  jni_GetStringUTFChars+0x99
#
# No core dump will be written. Core dumps have been disabled. To enable core dumping, try "ulimit -c unlimited" before starting Java again
#
# If you would like to submit a bug report, please visit:
#   http://bugreport.java.com/bugreport/crash.jsp
#

---------------  S U M M A R Y ------------

Command Line: -Dfile.encoding=UTF-8 org.apache.catalina.startup.Tomcat$1

Host: MacBookPro12,1 x86_64 2700 MHz, 4 cores, 8G, Darwin 17.5.0
Time: Sun Apr 15 12:16:02 2018 +07 elapsed time: 0 seconds (0d 0h 0m 0s)

---------------  T H R E A D  ---------------

Current thread (0x00007f82b7801000):  JavaThread "main" [_thread_in_vm, id=9731, stack(0x000000010e400000,0x000000010e500000)]

Stack: [0x000000010e400000,0x000000010e500000],  sp=0x000000010e4ffd30,  free space=1023k
Native frames: (J=compiled Java code, A=aot compiled Java code, j=interpreted, Vv=VM code, C=native code)
V  [libjvm.dylib+0x41d7b0]  jni_GetStringUTFChars+0x99
C  [java+0x7653]  PostJVMInit+0xb0
C  [java+0x4f92]  JavaMain+0xafd
C  [libsystem_pthread.dylib+0x3661]  _pthread_body+0x154
C  [libsystem_pthread.dylib+0x350d]  _pthread_body+0x0
C  [libsystem_pthread.dylib+0x2bf9]  thread_start+0xd
C  0x0000000000000000


siginfo: si_signo: 11 (SIGSEGV), si_code: 1 (SEGV_MAPERR), si_addr: 0x0000000000000000

Register to memory mapping:

RAX=0x000000010db76000 is an unknown value
RBX=0x00007f82b7801000 is a thread
RCX=0x00000001113b2250: AssumeMP+0 in /Library/Java/JavaVirtualMachines/jdk-10.jdk/Contents/Home/lib/server/libjvm.dylib at 0x0000000110a56000
RDX=0x0000000000000000 is an unknown value
RSP=0x000000010e4ffd30 is pointing into the stack for thread: 0x00007f82b7801000
RBP=0x000000010e4ffdc0 is pointing into the stack for thread: 0x00007f82b7801000
RSI=0x0000000000000000 is an unknown value
RDI=0x00007f82b7801270 is an unknown value
R8 =0x00007f82b7801000 is a thread
R9 =0x0000000000000070 is an unknown value
R10=0x0000000111419a90: _ZN19TemplateInterpreter13_active_tableE+0x4000 in /Library/Java/JavaVirtualMachines/jdk-10.jdk/Contents/Home/lib/server/libjvm.dylib at 0x0000000110a56000
R11=0x000000010e4ff100 is pointing into the stack for thread: 0x00007f82b7801000
R12=0x00007f82b7801270 is an unknown value
R13=0x06f49c55a696003b is an unknown value
R14=0x0000000000000000 is an unknown value
R15=0x0000000000000000 is an unknown value


Registers:
RAX=0x000000010db76000, RBX=0x00007f82b7801000, RCX=0x00000001113b2250, RDX=0x0000000000000000
RSP=0x000000010e4ffd30, RBP=0x000000010e4ffdc0, RSI=0x0000000000000000, RDI=0x00007f82b7801270
R8 =0x00007f82b7801000, R9 =0x0000000000000070, R10=0x0000000111419a90, R11=0x000000010e4ff100
R12=0x00007f82b7801270, R13=0x06f49c55a696003b, R14=0x0000000000000000, R15=0x0000000000000000
RIP=0x0000000110e737b0, EFLAGS=0x0000000000010246, ERR=0x0000000000000004
  TRAPNO=0x000000000000000e

Top of Stack: (sp=0x000000010e4ffd30)
0x000000010e4ffd30:   000000010e4ffd40 0000000000000000
0x000000010e4ffd40:   000000010e4ffd50 00000001111ba4e9
0x000000010e4ffd50:   000000010e4ffd70 00000001111ba46e
0x000000010e4ffd60:   0000000111414501 00007f82b7801000
0x000000010e4ffd70:   0000000000000000 00000001111ba3c4
0x000000010e4ffd80:   0000000000000000 00007f82b7801000
0x000000010e4ffd90:   00007f82b7801000 00007f82b7801270
0x000000010e4ffda0:   00007f82b5f01ac8 06f49c55a696003b
0x000000010e4ffdb0:   0000000000000000 00007f82b5f01ad0
0x000000010e4ffdc0:   000000010e4ffe50 000000010db07653
0x000000010e4ffdd0:   000000010e4ffdf0 00000001111ba46e
0x000000010e4ffde0:   0000000111414501 00007f82b7801000
0x000000010e4ffdf0:   000000010e4ffe10 00000001111ba3c4
0x000000010e4ffe00:   0000000000000000 000000010e4ffe30
0x000000010e4ffe10:   000000010e4ffe50 0000000110e6647e
0x000000010e4ffe20:   06f49c55a696003b 00007f82b7801270
0x000000010e4ffe30:   00007f82b5f01ac8 0000000000000000
0x000000010e4ffe40:   00007f82b5f01ae0 00007f82b5f01ad0
0x000000010e4ffe50:   000000010e4ffef0 000000010db04f92
0x000000010e4ffe60:   0000000000000000 0000000000000000
0x000000010e4ffe70:   0000000000000000 0000000000000000
0x000000010e4ffe80:   00007f82b5d0e9b8 0000000000000000
0x000000010e4ffe90:   0000000000000001 00007f82b5d0e960
0x000000010e4ffea0:   00007f82b7801270 00000001113c21e8
0x000000010e4ffeb0:   0000000400010002 00007f82b5c019c0
0x000000010e4ffec0:   0000000000000000 000000010e500000
0x000000010e4ffed0:   000000010db04495 0000000000000000
0x000000010e4ffee0:   000000010e500000 0000000000000000
0x000000010e4ffef0:   000000010e4fff20 00007fff5e7aa661
0x000000010e4fff00:   0000000000000001 000000010e500000
0x000000010e4fff10:   00000000190008ff 000070000e9d9ce0
0x000000010e4fff20:   000000010e4fff50 00007fff5e7aa50d 

Instructions: (pc=0x0000000110e737b0)
0x0000000110e73790:   f6 c7 01 74 14 4c 89 b5 78 ff ff ff 4c 89 ff e8
0x0000000110e737a0:   f6 b2 02 00 49 89 c7 eb 0a 4c 89 b5 78 ff ff ff
0x0000000110e737b0:   4d 8b 3f 48 8d 05 0e 9d 58 00 48 63 30 4c 89 ff
0x0000000110e737c0:   ff 15 ba af 53 00 45 31 f6 48 85 c0 74 5f 4c 89 


---------------  P R O C E S S  ---------------

Threads class SMR info:
_java_thread_list=0x00007f82b5c40cc0, length=10, elements={
0x00007f82b7801000, 0x00007f82b7812800, 0x00007f82b7813800, 0x00007f82b701c000,
0x00007f82b7815800, 0x00007f82b601a000, 0x00007f82b701d000, 0x00007f82b68a2000,
0x00007f82b7818800, 0x00007f82b702e800
}

Java Threads: ( => current thread )
=>0x00007f82b7801000 JavaThread "main" [_thread_in_vm, id=9731, stack(0x000000010e400000,0x000000010e500000)]
  0x00007f82b7812800 JavaThread "Reference Handler" daemon [_thread_blocked, id=18435, stack(0x000070000f708000,0x000070000f808000)]
  0x00007f82b7813800 JavaThread "Finalizer" daemon [_thread_blocked, id=17923, stack(0x000070000f80b000,0x000070000f90b000)]
  0x00007f82b701c000 JavaThread "Signal Dispatcher" daemon [_thread_blocked, id=43011, stack(0x000070000f991000,0x000070000fa91000)]
  0x00007f82b7815800 JavaThread "C2 CompilerThread0" daemon [_thread_blocked, id=23299, stack(0x000070000fa94000,0x000070000fb94000)]
  0x00007f82b601a000 JavaThread "C2 CompilerThread1" daemon [_thread_blocked, id=42499, stack(0x000070000fb97000,0x000070000fc97000)]
  0x00007f82b701d000 JavaThread "C1 CompilerThread2" daemon [_thread_blocked, id=42243, stack(0x000070000fc9a000,0x000070000fd9a000)]
  0x00007f82b68a2000 JavaThread "Sweeper thread" daemon [_thread_blocked, id=41987, stack(0x000070000fd9d000,0x000070000fe9d000)]
  0x00007f82b7818800 JavaThread "Service Thread" daemon [_thread_blocked, id=25091, stack(0x000070000fea0000,0x000070000ffa0000)]
  0x00007f82b702e800 JavaThread "Common-Cleaner" daemon [_thread_blocked, id=41219, stack(0x000070000ffa3000,0x00007000100a3000)]

Other Threads:
  0x00007f82b7800000 VMThread "VM Thread" [stack: 0x000070000f605000,0x000070000f705000] [id=18947]
  0x00007f82b78ea000 WatcherThread [stack: 0x00007000100a6000,0x00007000101a6000] [id=25859]
  0x00007f82b6801000 GCTaskThread "GC Thread#0" [stack: 0x000070000eae4000,0x000070000ebe4000] [id=11267]
  0x00007f82b601d800 GCTaskThread "GC Thread#1" [stack: 0x000070000ebe7000,0x000070000ece7000] [id=21251]
  0x00007f82b6805000 GCTaskThread "GC Thread#2" [stack: 0x000070000ecea000,0x000070000edea000] [id=20995]
  0x00007f82b601e000 GCTaskThread "GC Thread#3" [stack: 0x000070000eded000,0x000070000eeed000] [id=20739]
  0x00007f82b682e000 ConcurrentGCThread "G1 Main Marker" [stack: 0x000070000eef0000,0x000070000eff0000] [id=12291]
  0x00007f82b601f000 ConcurrentGCThread "G1 Conc#0" [stack: 0x000070000eff3000,0x000070000f0f3000] [id=13059]
  0x00007f82b686e800 ConcurrentGCThread "G1 Refine#0" [stack: 0x000070000f0f6000,0x000070000f1f6000] [id=13571]
  0x00007f82b686f800 ConcurrentGCThread "G1 Refine#1" [stack: 0x000070000f1f9000,0x000070000f2f9000] [id=19971]
  0x00007f82b6870000 ConcurrentGCThread "G1 Refine#2" [stack: 0x000070000f2fc000,0x000070000f3fc000] [id=14339]
  0x00007f82b6871000 ConcurrentGCThread "G1 Refine#3" [stack: 0x000070000f3ff000,0x000070000f4ff000] [id=19459]
  0x00007f82b6871800 ConcurrentGCThread "G1 Young RemSet Sampling" [stack: 0x000070000f502000,0x000070000f602000] [id=19203]

Threads with active compile tasks:

VM state:not at safepoint (normal execution)

VM Mutex/Monitor currently owned by a thread: None

Heap address: 0x0000000740000000, size: 2048 MB, Compressed Oops mode: Zero based, Oop shift amount: 3
Narrow klass base: 0x0000000000000000, Narrow klass shift: 3
Compressed class space size: 1073741824 Address: 0x00000007c0000000

Heap:
 garbage-first heap   total 131072K, used 2048K [0x0000000740000000, 0x00000007c0000000)
  region size 1024K, 3 young (3072K), 0 survivors (0K)
 Metaspace       used 5295K, capacity 5426K, committed 5632K, reserved 1056768K
  class space    used 441K, capacity 466K, committed 512K, reserved 1048576K
Heap Regions: E=young(eden), S=young(survivor), O=old, HS=humongous(starts), HC=humongous(continues), CS=collection set, F=free, A=archive, TS=gc time stamp, AC=allocation context, TAMS=top-at-mark-start (previous, next)
|   0|0x0000000740000000, 0x0000000740000000, 0x0000000740100000|  0%| F|  |TS  0|AC  0|TAMS 0x0000000740000000, 0x0000000740000000|
|   1|0x0000000740100000, 0x0000000740100000, 0x0000000740200000|  0%| F|  |TS  0|AC  0|TAMS 0x0000000740100000, 0x0000000740100000|
|   2|0x0000000740200000, 0x0000000740200000, 0x0000000740300000|  0%| F|  |TS  0|AC  0|TAMS 0x0000000740200000, 0x0000000740200000|
|   3|0x0000000740300000, 0x0000000740300000, 0x0000000740400000|  0%| F|  |TS  0|AC  0|TAMS 0x0000000740300000, 0x0000000740300000|
|   4|0x0000000740400000, 0x0000000740400000, 0x0000000740500000|  0%| F|  |TS  0|AC  0|TAMS 0x0000000740400000, 0x0000000740400000|
|   5|0x0000000740500000, 0x0000000740500000, 0x0000000740600000|  0%| F|  |TS  0|AC  0|TAMS 0x0000000740500000, 0x0000000740500000|
|   6|0x0000000740600000, 0x0000000740600000, 0x0000000740700000|  0%| F|  |TS  0|AC  0|TAMS 0x0000000740600000, 0x0000000740600000|
|   7|0x0000000740700000, 0x0000000740700000, 0x0000000740800000|  0%| F|  |TS  0|AC  0|TAMS 0x0000000740700000, 0x0000000740700000|
|   8|0x0000000740800000, 0x0000000740800000, 0x0000000740900000|  0%| F|  |TS  0|AC  0|TAMS 0x0000000740800000, 0x0000000740800000|
|   9|0x0000000740900000, 0x0000000740900000, 0x0000000740a00000|  0%| F|  |TS  0|AC  0|TAMS 0x0000000740900000, 0x0000000740900000|
|  10|0x0000000740a00000, 0x0000000740a00000, 0x0000000740b00000|  0%| F|  |TS  0|AC  0|TAMS 0x0000000740a00000, 0x0000000740a00000|
|  11|0x0000000740b00000, 0x0000000740b00000, 0x0000000740c00000|  0%| F|  |TS  0|AC  0|TAMS 0x0000000740b00000, 0x0000000740b00000|
|  12|0x0000000740c00000, 0x0000000740c00000, 0x0000000740d00000|  0%| F|  |TS  0|AC  0|TAMS 0x0000000740c00000, 0x0000000740c00000|
|  13|0x0000000740d00000, 0x0000000740d00000, 0x0000000740e00000|  0%| F|  |TS  0|AC  0|TAMS 0x0000000740d00000, 0x0000000740d00000|
|  14|0x0000000740e00000, 0x0000000740e00000, 0x0000000740f00000|  0%| F|  |TS  0|AC  0|TAMS 0x0000000740e00000, 0x0000000740e00000|
|  15|0x0000000740f00000, 0x0000000740f00000, 0x0000000741000000|  0%| F|  |TS  0|AC  0|TAMS 0x0000000740f00000, 0x0000000740f00000|
|  16|0x0000000741000000, 0x0000000741000000, 0x0000000741100000|  0%| F|  |TS  0|AC  0|TAMS 0x0000000741000000, 0x0000000741000000|
|  17|0x0000000741100000, 0x0000000741100000, 0x0000000741200000|  0%| F|  |TS  0|AC  0|TAMS 0x0000000741100000, 0x0000000741100000|
|  18|0x0000000741200000, 0x0000000741200000, 0x0000000741300000|  0%| F|  |TS  0|AC  0|TAMS 0x0000000741200000, 0x0000000741200000|
|  19|0x0000000741300000, 0x0000000741300000, 0x0000000741400000|  0%| F|  |TS  0|AC  0|TAMS 0x0000000741300000, 0x0000000741300000|
|  20|0x0000000741400000, 0x0000000741400000, 0x0000000741500000|  0%| F|  |TS  0|AC  0|TAMS 0x0000000741400000, 0x0000000741400000|
|  21|0x0000000741500000, 0x0000000741500000, 0x0000000741600000|  0%| F|  |TS  0|AC  0|TAMS 0x0000000741500000, 0x0000000741500000|
|  22|0x0000000741600000, 0x0000000741600000, 0x0000000741700000|  0%| F|  |TS  0|AC  0|TAMS 0x0000000741600000, 0x0000000741600000|
|  23|0x0000000741700000, 0x0000000741700000, 0x0000000741800000|  0%| F|  |TS  0|AC  0|TAMS 0x0000000741700000, 0x0000000741700000|
|  24|0x0000000741800000, 0x0000000741800000, 0x0000000741900000|  0%| F|  |TS  0|AC  0|TAMS 0x0000000741800000, 0x0000000741800000|
|  25|0x0000000741900000, 0x0000000741900000, 0x0000000741a00000|  0%| F|  |TS  0|AC  0|TAMS 0x0000000741900000, 0x0000000741900000|
|  26|0x0000000741a00000, 0x0000000741a00000, 0x0000000741b00000|  0%| F|  |TS  0|AC  0|TAMS 0x0000000741a00000, 0x0000000741a00000|
|  27|0x0000000741b00000, 0x0000000741b00000, 0x0000000741c00000|  0%| F|  |TS  0|AC  0|TAMS 0x0000000741b00000, 0x0000000741b00000|
|  28|0x0000000741c00000, 0x0000000741c00000, 0x0000000741d00000|  0%| F|  |TS  0|AC  0|TAMS 0x0000000741c00000, 0x0000000741c00000|
|  29|0x0000000741d00000, 0x0000000741d00000, 0x0000000741e00000|  0%| F|  |TS  0|AC  0|TAMS 0x0000000741d00000, 0x0000000741d00000|
|  30|0x0000000741e00000, 0x0000000741e00000, 0x0000000741f00000|  0%| F|  |TS  0|AC  0|TAMS 0x0000000741e00000, 0x0000000741e00000|
|  31|0x0000000741f00000, 0x0000000741f00000, 0x0000000742000000|  0%| F|  |TS  0|AC  0|TAMS 0x0000000741f00000, 0x0000000741f00000|
|  32|0x0000000742000000, 0x0000000742000000, 0x0000000742100000|  0%| F|  |TS  0|AC  0|TAMS 0x0000000742000000, 0x0000000742000000|
|  33|0x0000000742100000, 0x0000000742100000, 0x0000000742200000|  0%| F|  |TS  0|AC  0|TAMS 0x0000000742100000, 0x0000000742100000|
|  34|0x0000000742200000, 0x0000000742200000, 0x0000000742300000|  0%| F|  |TS  0|AC  0|TAMS 0x0000000742200000, 0x0000000742200000|
|  35|0x0000000742300000, 0x0000000742300000, 0x0000000742400000|  0%| F|  |TS  0|AC  0|TAMS 0x0000000742300000, 0x0000000742300000|
|  36|0x0000000742400000, 0x0000000742400000, 0x0000000742500000|  0%| F|  |TS  0|AC  0|TAMS 0x0000000742400000, 0x0000000742400000|
|  37|0x0000000742500000, 0x0000000742500000, 0x0000000742600000|  0%| F|  |TS  0|AC  0|TAMS 0x0000000742500000, 0x0000000742500000|
|  38|0x0000000742600000, 0x0000000742600000, 0x0000000742700000|  0%| F|  |TS  0|AC  0|TAMS 0x0000000742600000, 0x0000000742600000|
|  39|0x0000000742700000, 0x0000000742700000, 0x0000000742800000|  0%| F|  |TS  0|AC  0|TAMS 0x0000000742700000, 0x0000000742700000|
|  40|0x0000000742800000, 0x0000000742800000, 0x0000000742900000|  0%| F|  |TS  0|AC  0|TAMS 0x0000000742800000, 0x0000000742800000|
|  41|0x0000000742900000, 0x0000000742900000, 0x0000000742a00000|  0%| F|  |TS  0|AC  0|TAMS 0x0000000742900000, 0x0000000742900000|
|  42|0x0000000742a00000, 0x0000000742a00000, 0x0000000742b00000|  0%| F|  |TS  0|AC  0|TAMS 0x0000000742a00000, 0x0000000742a00000|
|  43|0x0000000742b00000, 0x0000000742b00000, 0x0000000742c00000|  0%| F|  |TS  0|AC  0|TAMS 0x0000000742b00000, 0x0000000742b00000|
|  44|0x0000000742c00000, 0x0000000742c00000, 0x0000000742d00000|  0%| F|  |TS  0|AC  0|TAMS 0x0000000742c00000, 0x0000000742c00000|
|  45|0x0000000742d00000, 0x0000000742d00000, 0x0000000742e00000|  0%| F|  |TS  0|AC  0|TAMS 0x0000000742d00000, 0x0000000742d00000|
|  46|0x0000000742e00000, 0x0000000742e00000, 0x0000000742f00000|  0%| F|  |TS  0|AC  0|TAMS 0x0000000742e00000, 0x0000000742e00000|
|  47|0x0000000742f00000, 0x0000000742f00000, 0x0000000743000000|  0%| F|  |TS  0|AC  0|TAMS 0x0000000742f00000, 0x0000000742f00000|
|  48|0x0000000743000000, 0x0000000743000000, 0x0000000743100000|  0%| F|  |TS  0|AC  0|TAMS 0x0000000743000000, 0x0000000743000000|
|  49|0x0000000743100000, 0x0000000743100000, 0x0000000743200000|  0%| F|  |TS  0|AC  0|TAMS 0x0000000743100000, 0x0000000743100000|
|  50|0x0000000743200000, 0x0000000743200000, 0x0000000743300000|  0%| F|  |TS  0|AC  0|TAMS 0x0000000743200000, 0x0000000743200000|
|  51|0x0000000743300000, 0x0000000743300000, 0x0000000743400000|  0%| F|  |TS  0|AC  0|TAMS 0x0000000743300000, 0x0000000743300000|
|  52|0x0000000743400000, 0x0000000743400000, 0x0000000743500000|  0%| F|  |TS  0|AC  0|TAMS 0x0000000743400000, 0x0000000743400000|
|  53|0x0000000743500000, 0x0000000743500000, 0x0000000743600000|  0%| F|  |TS  0|AC  0|TAMS 0x0000000743500000, 0x0000000743500000|
|  54|0x0000000743600000, 0x0000000743600000, 0x0000000743700000|  0%| F|  |TS  0|AC  0|TAMS 0x0000000743600000, 0x0000000743600000|
|  55|0x0000000743700000, 0x0000000743700000, 0x0000000743800000|  0%| F|  |TS  0|AC  0|TAMS 0x0000000743700000, 0x0000000743700000|
|  56|0x0000000743800000, 0x0000000743800000, 0x0000000743900000|  0%| F|  |TS  0|AC  0|TAMS 0x0000000743800000, 0x0000000743800000|
|  57|0x0000000743900000, 0x0000000743900000, 0x0000000743a00000|  0%| F|  |TS  0|AC  0|TAMS 0x0000000743900000, 0x0000000743900000|
|  58|0x0000000743a00000, 0x0000000743a00000, 0x0000000743b00000|  0%| F|  |TS  0|AC  0|TAMS 0x0000000743a00000, 0x0000000743a00000|
|  59|0x0000000743b00000, 0x0000000743b00000, 0x0000000743c00000|  0%| F|  |TS  0|AC  0|TAMS 0x0000000743b00000, 0x0000000743b00000|
|  60|0x0000000743c00000, 0x0000000743c00000, 0x0000000743d00000|  0%| F|  |TS  0|AC  0|TAMS 0x0000000743c00000, 0x0000000743c00000|
|  61|0x0000000743d00000, 0x0000000743d00000, 0x0000000743e00000|  0%| F|  |TS  0|AC  0|TAMS 0x0000000743d00000, 0x0000000743d00000|
|  62|0x0000000743e00000, 0x0000000743e00000, 0x0000000743f00000|  0%| F|  |TS  0|AC  0|TAMS 0x0000000743e00000, 0x0000000743e00000|
|  63|0x0000000743f00000, 0x0000000743f00000, 0x0000000744000000|  0%| F|  |TS  0|AC  0|TAMS 0x0000000743f00000, 0x0000000743f00000|
|  64|0x0000000744000000, 0x0000000744000000, 0x0000000744100000|  0%| F|  |TS  0|AC  0|TAMS 0x0000000744000000, 0x0000000744000000|
|  65|0x0000000744100000, 0x0000000744100000, 0x0000000744200000|  0%| F|  |TS  0|AC  0|TAMS 0x0000000744100000, 0x0000000744100000|
|  66|0x0000000744200000, 0x0000000744200000, 0x0000000744300000|  0%| F|  |TS  0|AC  0|TAMS 0x0000000744200000, 0x0000000744200000|
|  67|0x0000000744300000, 0x0000000744300000, 0x0000000744400000|  0%| F|  |TS  0|AC  0|TAMS 0x0000000744300000, 0x0000000744300000|
|  68|0x0000000744400000, 0x0000000744400000, 0x0000000744500000|  0%| F|  |TS  0|AC  0|TAMS 0x0000000744400000, 0x0000000744400000|
|  69|0x0000000744500000, 0x0000000744500000, 0x0000000744600000|  0%| F|  |TS  0|AC  0|TAMS 0x0000000744500000, 0x0000000744500000|
|  70|0x0000000744600000, 0x0000000744600000, 0x0000000744700000|  0%| F|  |TS  0|AC  0|TAMS 0x0000000744600000, 0x0000000744600000|
|  71|0x0000000744700000, 0x0000000744700000, 0x0000000744800000|  0%| F|  |TS  0|AC  0|TAMS 0x0000000744700000, 0x0000000744700000|
|  72|0x0000000744800000, 0x0000000744800000, 0x0000000744900000|  0%| F|  |TS  0|AC  0|TAMS 0x0000000744800000, 0x0000000744800000|
|  73|0x0000000744900000, 0x0000000744900000, 0x0000000744a00000|  0%| F|  |TS  0|AC  0|TAMS 0x0000000744900000, 0x0000000744900000|
|  74|0x0000000744a00000, 0x0000000744a00000, 0x0000000744b00000|  0%| F|  |TS  0|AC  0|TAMS 0x0000000744a00000, 0x0000000744a00000|
|  75|0x0000000744b00000, 0x0000000744b00000, 0x0000000744c00000|  0%| F|  |TS  0|AC  0|TAMS 0x0000000744b00000, 0x0000000744b00000|
|  76|0x0000000744c00000, 0x0000000744c00000, 0x0000000744d00000|  0%| F|  |TS  0|AC  0|TAMS 0x0000000744c00000, 0x0000000744c00000|
|  77|0x0000000744d00000, 0x0000000744d00000, 0x0000000744e00000|  0%| F|  |TS  0|AC  0|TAMS 0x0000000744d00000, 0x0000000744d00000|
|  78|0x0000000744e00000, 0x0000000744e00000, 0x0000000744f00000|  0%| F|  |TS  0|AC  0|TAMS 0x0000000744e00000, 0x0000000744e00000|
|  79|0x0000000744f00000, 0x0000000744f00000, 0x0000000745000000|  0%| F|  |TS  0|AC  0|TAMS 0x0000000744f00000, 0x0000000744f00000|
|  80|0x0000000745000000, 0x0000000745000000, 0x0000000745100000|  0%| F|  |TS  0|AC  0|TAMS 0x0000000745000000, 0x0000000745000000|
|  81|0x0000000745100000, 0x0000000745100000, 0x0000000745200000|  0%| F|  |TS  0|AC  0|TAMS 0x0000000745100000, 0x0000000745100000|
|  82|0x0000000745200000, 0x0000000745200000, 0x0000000745300000|  0%| F|  |TS  0|AC  0|TAMS 0x0000000745200000, 0x0000000745200000|
|  83|0x0000000745300000, 0x0000000745300000, 0x0000000745400000|  0%| F|  |TS  0|AC  0|TAMS 0x0000000745300000, 0x0000000745300000|
|  84|0x0000000745400000, 0x0000000745400000, 0x0000000745500000|  0%| F|  |TS  0|AC  0|TAMS 0x0000000745400000, 0x0000000745400000|
|  85|0x0000000745500000, 0x0000000745500000, 0x0000000745600000|  0%| F|  |TS  0|AC  0|TAMS 0x0000000745500000, 0x0000000745500000|
|  86|0x0000000745600000, 0x0000000745600000, 0x0000000745700000|  0%| F|  |TS  0|AC  0|TAMS 0x0000000745600000, 0x0000000745600000|
|  87|0x0000000745700000, 0x0000000745700000, 0x0000000745800000|  0%| F|  |TS  0|AC  0|TAMS 0x0000000745700000, 0x0000000745700000|
|  88|0x0000000745800000, 0x0000000745800000, 0x0000000745900000|  0%| F|  |TS  0|AC  0|TAMS 0x0000000745800000, 0x0000000745800000|
|  89|0x0000000745900000, 0x0000000745900000, 0x0000000745a00000|  0%| F|  |TS  0|AC  0|TAMS 0x0000000745900000, 0x0000000745900000|
|  90|0x0000000745a00000, 0x0000000745a00000, 0x0000000745b00000|  0%| F|  |TS  0|AC  0|TAMS 0x0000000745a00000, 0x0000000745a00000|
|  91|0x0000000745b00000, 0x0000000745b00000, 0x0000000745c00000|  0%| F|  |TS  0|AC  0|TAMS 0x0000000745b00000, 0x0000000745b00000|
|  92|0x0000000745c00000, 0x0000000745c00000, 0x0000000745d00000|  0%| F|  |TS  0|AC  0|TAMS 0x0000000745c00000, 0x0000000745c00000|
|  93|0x0000000745d00000, 0x0000000745d00000, 0x0000000745e00000|  0%| F|  |TS  0|AC  0|TAMS 0x0000000745d00000, 0x0000000745d00000|
|  94|0x0000000745e00000, 0x0000000745e00000, 0x0000000745f00000|  0%| F|  |TS  0|AC  0|TAMS 0x0000000745e00000, 0x0000000745e00000|
|  95|0x0000000745f00000, 0x0000000745f00000, 0x0000000746000000|  0%| F|  |TS  0|AC  0|TAMS 0x0000000745f00000, 0x0000000745f00000|
|  96|0x0000000746000000, 0x0000000746000000, 0x0000000746100000|  0%| F|  |TS  0|AC  0|TAMS 0x0000000746000000, 0x0000000746000000|
|  97|0x0000000746100000, 0x0000000746100000, 0x0000000746200000|  0%| F|  |TS  0|AC  0|TAMS 0x0000000746100000, 0x0000000746100000|
|  98|0x0000000746200000, 0x0000000746200000, 0x0000000746300000|  0%| F|  |TS  0|AC  0|TAMS 0x0000000746200000, 0x0000000746200000|
|  99|0x0000000746300000, 0x0000000746300000, 0x0000000746400000|  0%| F|  |TS  0|AC  0|TAMS 0x0000000746300000, 0x0000000746300000|
| 100|0x0000000746400000, 0x0000000746400000, 0x0000000746500000|  0%| F|  |TS  0|AC  0|TAMS 0x0000000746400000, 0x0000000746400000|
| 101|0x0000000746500000, 0x0000000746500000, 0x0000000746600000|  0%| F|  |TS  0|AC  0|TAMS 0x0000000746500000, 0x0000000746500000|
| 102|0x0000000746600000, 0x0000000746600000, 0x0000000746700000|  0%| F|  |TS  0|AC  0|TAMS 0x0000000746600000, 0x0000000746600000|
| 103|0x0000000746700000, 0x0000000746700000, 0x0000000746800000|  0%| F|  |TS  0|AC  0|TAMS 0x0000000746700000, 0x0000000746700000|
| 104|0x0000000746800000, 0x0000000746800000, 0x0000000746900000|  0%| F|  |TS  0|AC  0|TAMS 0x0000000746800000, 0x0000000746800000|
| 105|0x0000000746900000, 0x0000000746900000, 0x0000000746a00000|  0%| F|  |TS  0|AC  0|TAMS 0x0000000746900000, 0x0000000746900000|
| 106|0x0000000746a00000, 0x0000000746a00000, 0x0000000746b00000|  0%| F|  |TS  0|AC  0|TAMS 0x0000000746a00000, 0x0000000746a00000|
| 107|0x0000000746b00000, 0x0000000746b00000, 0x0000000746c00000|  0%| F|  |TS  0|AC  0|TAMS 0x0000000746b00000, 0x0000000746b00000|
| 108|0x0000000746c00000, 0x0000000746c00000, 0x0000000746d00000|  0%| F|  |TS  0|AC  0|TAMS 0x0000000746c00000, 0x0000000746c00000|
| 109|0x0000000746d00000, 0x0000000746d00000, 0x0000000746e00000|  0%| F|  |TS  0|AC  0|TAMS 0x0000000746d00000, 0x0000000746d00000|
| 110|0x0000000746e00000, 0x0000000746e00000, 0x0000000746f00000|  0%| F|  |TS  0|AC  0|TAMS 0x0000000746e00000, 0x0000000746e00000|
| 111|0x0000000746f00000, 0x0000000746f00000, 0x0000000747000000|  0%| F|  |TS  0|AC  0|TAMS 0x0000000746f00000, 0x0000000746f00000|
| 112|0x0000000747000000, 0x0000000747000000, 0x0000000747100000|  0%| F|  |TS  0|AC  0|TAMS 0x0000000747000000, 0x0000000747000000|
| 113|0x0000000747100000, 0x0000000747100000, 0x0000000747200000|  0%| F|  |TS  0|AC  0|TAMS 0x0000000747100000, 0x0000000747100000|
| 114|0x0000000747200000, 0x0000000747200000, 0x0000000747300000|  0%| F|  |TS  0|AC  0|TAMS 0x0000000747200000, 0x0000000747200000|
| 115|0x0000000747300000, 0x0000000747300000, 0x0000000747400000|  0%| F|  |TS  0|AC  0|TAMS 0x0000000747300000, 0x0000000747300000|
| 116|0x0000000747400000, 0x0000000747400000, 0x0000000747500000|  0%| F|  |TS  0|AC  0|TAMS 0x0000000747400000, 0x0000000747400000|
| 117|0x0000000747500000, 0x0000000747500000, 0x0000000747600000|  0%| F|  |TS  0|AC  0|TAMS 0x0000000747500000, 0x0000000747500000|
| 118|0x0000000747600000, 0x0000000747600000, 0x0000000747700000|  0%| F|  |TS  0|AC  0|TAMS 0x0000000747600000, 0x0000000747600000|
| 119|0x0000000747700000, 0x0000000747700000, 0x0000000747800000|  0%| F|  |TS  0|AC  0|TAMS 0x0000000747700000, 0x0000000747700000|
| 120|0x0000000747800000, 0x0000000747800000, 0x0000000747900000|  0%| F|  |TS  0|AC  0|TAMS 0x0000000747800000, 0x0000000747800000|
| 121|0x0000000747900000, 0x0000000747900000, 0x0000000747a00000|  0%| F|  |TS  0|AC  0|TAMS 0x0000000747900000, 0x0000000747900000|
| 122|0x0000000747a00000, 0x0000000747a00000, 0x0000000747b00000|  0%| F|  |TS  0|AC  0|TAMS 0x0000000747a00000, 0x0000000747a00000|
| 123|0x0000000747b00000, 0x0000000747b00000, 0x0000000747c00000|  0%| F|  |TS  0|AC  0|TAMS 0x0000000747b00000, 0x0000000747b00000|
| 124|0x0000000747c00000, 0x0000000747c00000, 0x0000000747d00000|  0%| F|  |TS  0|AC  0|TAMS 0x0000000747c00000, 0x0000000747c00000|
| 125|0x0000000747d00000, 0x0000000747de6f60, 0x0000000747e00000| 90%| E|  |TS  0|AC  0|TAMS 0x0000000747d00000, 0x0000000747d00000|
| 126|0x0000000747e00000, 0x0000000747f00000, 0x0000000747f00000|100%| E|CS|TS  0|AC  0|TAMS 0x0000000747e00000, 0x0000000747e00000|
| 127|0x0000000747f00000, 0x0000000748000000, 0x0000000748000000|100%| E|CS|TS  0|AC  0|TAMS 0x0000000747f00000, 0x0000000747f00000|

Card table byte_map: [0x000000012bae7000,0x000000012bee7000] byte_map_base: 0x00000001280e7000

Marking Bits (Prev, Next): (CMBitMap*) 0x00007f82b682d460, (CMBitMap*) 0x00007f82b682d498
 Prev Bits: [0x000000012c2e7000, 0x000000012e2e7000)
 Next Bits: [0x000000012e2e7000, 0x00000001302e7000)

Polling page: 0x000000010db75000

CodeHeap 'non-profiled nmethods': size=120032Kb used=45Kb max_used=45Kb free=119986Kb
 bounds [0x00000001245af000, 0x000000012481f000, 0x000000012bae7000]
CodeHeap 'profiled nmethods': size=120032Kb used=290Kb max_used=290Kb free=119741Kb
 bounds [0x000000011d077000, 0x000000011d2e7000, 0x00000001245af000]
CodeHeap 'non-nmethods': size=5696Kb used=1007Kb max_used=1018Kb free=4688Kb
 bounds [0x000000011cae7000, 0x000000011cd57000, 0x000000011d077000]
 total_blobs=556 nmethods=200 adapters=198
 compilation: enabled

Compilation events (10 events):
Event: 0.241 Thread 0x00007f82b601a000  200       4       java.lang.String::length (11 bytes)
Event: 0.241 Thread 0x00007f82b601a000 nmethod 200 0x00000001245ba410 code [0x00000001245ba5a0, 0x00000001245ba618]
Event: 0.242 Thread 0x00007f82b701d000 nmethod 194 0x000000011d0b8f90 code [0x000000011d0b9400, 0x000000011d0bc008]
Event: 0.242 Thread 0x00007f82b701d000  196       3       java.lang.String::indexOf (29 bytes)
Event: 0.242 Thread 0x00007f82b701d000 nmethod 196 0x000000011d0bcf90 code [0x000000011d0bd160, 0x000000011d0bd438]
Event: 0.242 Thread 0x00007f82b701d000  195   !   3       jdk.internal.loader.URLClassPath$JarLoader::getResource (65 bytes)
Event: 0.244 Thread 0x00007f82b701d000 nmethod 195 0x000000011d0bd510 code [0x000000011d0bd7e0, 0x000000011d0be6e8]
Event: 0.244 Thread 0x00007f82b701d000  197       3       jdk.internal.misc.Unsafe::putObjectRelease (9 bytes)
Event: 0.244 Thread 0x00007f82b701d000 nmethod 197 0x000000011d0bec10 code [0x000000011d0bedc0, 0x000000011d0bef70]
Event: 0.244 Thread 0x00007f82b701d000  199       3       java.util.concurrent.ConcurrentHashMap::setTabAt (20 bytes)

GC Heap History (0 events):
No events

Deoptimization events (1 events):
Event: 0.150 Thread 0x00007f82b7801000 Uncommon trap: reason=unstable_if action=reinterpret pc=0x00000001245b2f5c method=java.lang.String.hashCode()I @ 14 c2

Classes redefined (0 events):
No events

Internal exceptions (0 events):
No events

Events (10 events):
Event: 0.241 loading class javax/servlet/ServletResponse
Event: 0.241 loading class javax/servlet/ServletResponse done
Event: 0.242 loading class org/apache/catalina/Wrapper
Event: 0.242 loading class org/apache/catalina/Wrapper done
Event: 0.242 loading class java/lang/PublicMethods$Key
Event: 0.242 loading class java/lang/PublicMethods$Key done
Event: 0.242 loading class org/apache/catalina/startup/Tomcat
Event: 0.242 loading class org/apache/catalina/startup/Tomcat done
Event: 0.244 loading class java/lang/Class$EnclosingMethodInfo
Event: 0.244 loading class java/lang/Class$EnclosingMethodInfo done


Dynamic libraries:
0x00007fff35942000 	/System/Library/Frameworks/Cocoa.framework/Versions/A/Cocoa
0x00007fff41f19000 	/System/Library/Frameworks/Security.framework/Versions/A/Security
0x00007fff34586000 	/System/Library/Frameworks/ApplicationServices.framework/Versions/A/ApplicationServices
0x00007fff5e27a000 	/usr/lib/libz.1.dylib
0x00007fff5c1b5000 	/usr/lib/libSystem.B.dylib
0x00007fff360f7000 	/System/Library/Frameworks/CoreFoundation.framework/Versions/A/CoreFoundation
0x00007fff3824b000 	/System/Library/Frameworks/Foundation.framework/Versions/C/Foundation
0x00007fff5d864000 	/usr/lib/libobjc.A.dylib
0x00007fff336d6000 	/System/Library/Frameworks/AppKit.framework/Versions/C/AppKit
0x00007fff35cba000 	/System/Library/Frameworks/CoreData.framework/Versions/A/CoreData
0x00007fff55b09000 	/System/Library/PrivateFrameworks/RemoteViewServices.framework/Versions/A/RemoteViewServices
0x00007fff5a25a000 	/System/Library/PrivateFrameworks/UIFoundation.framework/Versions/A/UIFoundation
0x00007fff4a96b000 	/System/Library/PrivateFrameworks/DFRFoundation.framework/Versions/A/DFRFoundation
0x00007fff3a88f000 	/System/Library/Frameworks/Metal.framework/Versions/A/Metal
0x00007fff4ab08000 	/System/Library/PrivateFrameworks/DesktopServicesPriv.framework/Versions/A/DesktopServicesPriv
0x00007fff5cdba000 	/usr/lib/libenergytrace.dylib
0x00007fff582cf000 	/System/Library/PrivateFrameworks/SkyLight.framework/Versions/A/SkyLight
0x00007fff3659a000 	/System/Library/Frameworks/CoreGraphics.framework/Versions/A/CoreGraphics
0x00007fff5c1b0000 	/usr/lib/libScreenReader.dylib
0x00007fff32671000 	/System/Library/Frameworks/Accelerate.framework/Versions/A/Accelerate
0x00007fff389c4000 	/System/Library/Frameworks/IOSurface.framework/Versions/A/IOSurface
0x00007fff34ad0000 	/System/Library/Frameworks/AudioToolbox.framework/Versions/A/AudioToolbox
0x00007fff34d5f000 	/System/Library/Frameworks/AudioUnit.framework/Versions/A/AudioUnit
0x00007fff4aa03000 	/System/Library/PrivateFrameworks/DataDetectorsCore.framework/Versions/A/DataDetectorsCore
0x00007fff35435000 	/System/Library/Frameworks/Carbon.framework/Versions/A/Frameworks/HIToolbox.framework/Versions/A/HIToolbox
0x00007fff5cf14000 	/usr/lib/libicucore.A.dylib
0x00007fff4149a000 	/System/Library/Frameworks/QuartzCore.framework/Versions/A/QuartzCore
0x00007fff57586000 	/System/Library/PrivateFrameworks/SignpostNotification.framework/Versions/A/SignpostNotification
0x00007fff3581b000 	/System/Library/Frameworks/Carbon.framework/Versions/A/Frameworks/SpeechRecognition.framework/Versions/A/SpeechRecognition
0x00007fff5c311000 	/usr/lib/libauto.dylib
0x00007fff5e169000 	/usr/lib/libxml2.2.dylib
0x00007fff4a5be000 	/System/Library/PrivateFrameworks/CoreUI.framework/Versions/A/CoreUI
0x00007fff35b96000 	/System/Library/Frameworks/CoreAudio.framework/Versions/A/CoreAudio
0x00007fff38085000 	/System/Library/Frameworks/DiskArbitration.framework/Versions/A/DiskArbitration
0x00007fff5d188000 	/usr/lib/liblangid.dylib
0x00007fff52019000 	/System/Library/PrivateFrameworks/MultitouchSupport.framework/Versions/A/MultitouchSupport
0x00007fff38927000 	/System/Library/Frameworks/IOKit.framework/Versions/A/IOKit
0x00007fff5be3f000 	/usr/lib/libDiagnosticMessagesClient.dylib
0x00007fff37263000 	/System/Library/Frameworks/CoreServices.framework/Versions/A/CoreServices
0x00007fff53b47000 	/System/Library/PrivateFrameworks/PerformanceAnalysis.framework/Versions/A/PerformanceAnalysis
0x00007fff4063c000 	/System/Library/Frameworks/OpenGL.framework/Versions/A/OpenGL
0x00007fff35950000 	/System/Library/Frameworks/ColorSync.framework/Versions/A/ColorSync
0x00007fff36bac000 	/System/Library/Frameworks/CoreImage.framework/Versions/A/CoreImage
0x00007fff37bf3000 	/System/Library/Frameworks/CoreText.framework/Versions/A/CoreText
0x00007fff38a22000 	/System/Library/Frameworks/ImageIO.framework/Versions/A/ImageIO
0x00007fff46d06000 	/System/Library/PrivateFrameworks/Backup.framework/Versions/A/Backup
0x00007fff5c261000 	/usr/lib/libarchive.2.dylib
0x00007fff35081000 	/System/Library/Frameworks/CFNetwork.framework/Versions/A/CFNetwork
0x00007fff426a9000 	/System/Library/Frameworks/SystemConfiguration.framework/Versions/A/SystemConfiguration
0x00007fff5bd68000 	/usr/lib/libCRFSuite.dylib
0x00007fff5c3ea000 	/usr/lib/libc++.1.dylib
0x00007fff5c441000 	/usr/lib/libc++abi.dylib
0x00007fff5e328000 	/usr/lib/system/libcache.dylib
0x00007fff5e32d000 	/usr/lib/system/libcommonCrypto.dylib
0x00007fff5e338000 	/usr/lib/system/libcompiler_rt.dylib
0x00007fff5e340000 	/usr/lib/system/libcopyfile.dylib
0x00007fff5e34a000 	/usr/lib/system/libcorecrypto.dylib
0x00007fff5e457000 	/usr/lib/system/libdispatch.dylib
0x00007fff5e491000 	/usr/lib/system/libdyld.dylib
0x00007fff5e4af000 	/usr/lib/system/libkeymgr.dylib
0x00007fff5e4bd000 	/usr/lib/system/liblaunch.dylib
0x00007fff5e4be000 	/usr/lib/system/libmacho.dylib
0x00007fff5e4c3000 	/usr/lib/system/libquarantine.dylib
0x00007fff5e4c6000 	/usr/lib/system/libremovefile.dylib
0x00007fff5e4c8000 	/usr/lib/system/libsystem_asl.dylib
0x00007fff5e4e0000 	/usr/lib/system/libsystem_blocks.dylib
0x00007fff5e4e1000 	/usr/lib/system/libsystem_c.dylib
0x00007fff5e56b000 	/usr/lib/system/libsystem_configuration.dylib
0x00007fff5e56f000 	/usr/lib/system/libsystem_coreservices.dylib
0x00007fff5e573000 	/usr/lib/system/libsystem_darwin.dylib
0x00007fff5e575000 	/usr/lib/system/libsystem_dnssd.dylib
0x00007fff5e57c000 	/usr/lib/system/libsystem_info.dylib
0x00007fff5e5ed000 	/usr/lib/system/libsystem_m.dylib
0x00007fff5e639000 	/usr/lib/system/libsystem_malloc.dylib
0x00007fff5e659000 	/usr/lib/system/libsystem_network.dylib
0x00007fff5e78a000 	/usr/lib/system/libsystem_networkextension.dylib
0x00007fff5e795000 	/usr/lib/system/libsystem_notify.dylib
0x00007fff5e7b3000 	/usr/lib/system/libsystem_sandbox.dylib
0x00007fff5e7b7000 	/usr/lib/system/libsystem_secinit.dylib
0x00007fff5e5c6000 	/usr/lib/system/libsystem_kernel.dylib
0x00007fff5e79f000 	/usr/lib/system/libsystem_platform.dylib
0x00007fff5e7a7000 	/usr/lib/system/libsystem_pthread.dylib
0x00007fff5e7b9000 	/usr/lib/system/libsystem_symptoms.dylib
0x00007fff5e7c1000 	/usr/lib/system/libsystem_trace.dylib
0x00007fff5e7d6000 	/usr/lib/system/libunwind.dylib
0x00007fff5e7dc000 	/usr/lib/system/libxpc.dylib
0x00007fff5bc7b000 	/usr/lib/closure/libclosured.dylib
0x00007fff5c3cb000 	/usr/lib/libbsm.0.dylib
0x00007fff5e4b0000 	/usr/lib/system/libkxld.dylib
0x00007fff5c079000 	/usr/lib/libOpenScriptingUtil.dylib
0x00007fff5c739000 	/usr/lib/libcoretls.dylib
0x00007fff5c752000 	/usr/lib/libcoretls_cfhelpers.dylib
0x00007fff5dc65000 	/usr/lib/libpam.2.dylib
0x00007fff5dd8c000 	/usr/lib/libsqlite3.dylib
0x00007fff5e158000 	/usr/lib/libxar.1.dylib
0x00007fff5c3dc000 	/usr/lib/libbz2.1.0.dylib
0x00007fff5d18a000 	/usr/lib/liblzma.5.dylib
0x00007fff5d66b000 	/usr/lib/libnetwork.dylib
0x00007fff5c24a000 	/usr/lib/libapple_nghttp2.dylib
0x00007fff5dc6c000 	/usr/lib/libpcap.A.dylib
0x00007fff5c312000 	/usr/lib/libboringssl.dylib
0x00007fff5e0f3000 	/usr/lib/libusrtcp.dylib
0x00007fff5c249000 	/usr/lib/libapple_crypto.dylib
0x00007fff375e6000 	/System/Library/Frameworks/CoreServices.framework/Versions/A/Frameworks/FSEvents.framework/Versions/A/FSEvents
0x00007fff372d9000 	/System/Library/Frameworks/CoreServices.framework/Versions/A/Frameworks/CarbonCore.framework/Versions/A/CarbonCore
0x00007fff377ad000 	/System/Library/Frameworks/CoreServices.framework/Versions/A/Frameworks/Metadata.framework/Versions/A/Metadata
0x00007fff3785e000 	/System/Library/Frameworks/CoreServices.framework/Versions/A/Frameworks/OSServices.framework/Versions/A/OSServices
0x00007fff378bf000 	/System/Library/Frameworks/CoreServices.framework/Versions/A/Frameworks/SearchKit.framework/Versions/A/SearchKit
0x00007fff37264000 	/System/Library/Frameworks/CoreServices.framework/Versions/A/Frameworks/AE.framework/Versions/A/AE
0x00007fff375ef000 	/System/Library/Frameworks/CoreServices.framework/Versions/A/Frameworks/LaunchServices.framework/Versions/A/LaunchServices
0x00007fff375b1000 	/System/Library/Frameworks/CoreServices.framework/Versions/A/Frameworks/DictionaryServices.framework/Versions/A/DictionaryServices
0x00007fff3792e000 	/System/Library/Frameworks/CoreServices.framework/Versions/A/Frameworks/SharedFileList.framework/Versions/A/SharedFileList
0x00007fff3bac5000 	/System/Library/Frameworks/NetFS.framework/Versions/A/NetFS
0x00007fff522aa000 	/System/Library/PrivateFrameworks/NetAuth.framework/Versions/A/NetAuth
0x00007fff5bb12000 	/System/Library/PrivateFrameworks/login.framework/Versions/A/Frameworks/loginsupport.framework/Versions/A/loginsupport
0x00007fff59edb000 	/System/Library/PrivateFrameworks/TCC.framework/Versions/A/TCC
0x00007fff5d26b000 	/usr/lib/libmecabra.dylib
0x00007fff34587000 	/System/Library/Frameworks/ApplicationServices.framework/Versions/A/Frameworks/ATS.framework/Versions/A/ATS
0x00007fff34935000 	/System/Library/Frameworks/ApplicationServices.framework/Versions/A/Frameworks/ColorSyncLegacy.framework/Versions/A/ColorSyncLegacy
0x00007fff349d9000 	/System/Library/Frameworks/ApplicationServices.framework/Versions/A/Frameworks/HIServices.framework/Versions/A/HIServices
0x00007fff34a2c000 	/System/Library/Frameworks/ApplicationServices.framework/Versions/A/Frameworks/LangAnalysis.framework/Versions/A/LangAnalysis
0x00007fff34a3b000 	/System/Library/Frameworks/ApplicationServices.framework/Versions/A/Frameworks/PrintCore.framework/Versions/A/PrintCore
0x00007fff34a88000 	/System/Library/Frameworks/ApplicationServices.framework/Versions/A/Frameworks/QD.framework/Versions/A/QD
0x00007fff34ac3000 	/System/Library/Frameworks/ApplicationServices.framework/Versions/A/Frameworks/SpeechSynthesis.framework/Versions/A/SpeechSynthesis
0x00007fff36011000 	/System/Library/Frameworks/CoreDisplay.framework/Versions/A/CoreDisplay
0x00007fff32689000 	/System/Library/Frameworks/Accelerate.framework/Versions/A/Frameworks/vImage.framework/Versions/A/vImage
0x00007fff333e3000 	/System/Library/Frameworks/Accelerate.framework/Versions/A/Frameworks/vecLib.framework/Versions/A/vecLib
0x00007fff33183000 	/System/Library/Frameworks/Accelerate.framework/Versions/A/Frameworks/vecLib.framework/Versions/A/libvDSP.dylib
0x00007fff32ce3000 	/System/Library/Frameworks/Accelerate.framework/Versions/A/Frameworks/vecLib.framework/Versions/A/libBNNS.dylib
0x00007fff330e8000 	/System/Library/Frameworks/Accelerate.framework/Versions/A/Frameworks/vecLib.framework/Versions/A/libQuadrature.dylib
0x00007fff33331000 	/System/Library/Frameworks/Accelerate.framework/Versions/A/Frameworks/vecLib.framework/Versions/A/libvMisc.dylib
0x00007fff32d12000 	/System/Library/Frameworks/Accelerate.framework/Versions/A/Frameworks/vecLib.framework/Versions/A/libLAPACK.dylib
0x00007fff32b88000 	/System/Library/Frameworks/Accelerate.framework/Versions/A/Frameworks/vecLib.framework/Versions/A/libBLAS.dylib
0x00007fff330d2000 	/System/Library/Frameworks/Accelerate.framework/Versions/A/Frameworks/vecLib.framework/Versions/A/libLinearAlgebra.dylib
0x00007fff330ee000 	/System/Library/Frameworks/Accelerate.framework/Versions/A/Frameworks/vecLib.framework/Versions/A/libSparse.dylib
0x00007fff3316f000 	/System/Library/Frameworks/Accelerate.framework/Versions/A/Frameworks/vecLib.framework/Versions/A/libSparseBLAS.dylib
0x00007fff4f144000 	/System/Library/PrivateFrameworks/GPUWrangler.framework/Versions/A/GPUWrangler
0x00007fff508c1000 	/System/Library/PrivateFrameworks/IOAccelerator.framework/Versions/A/IOAccelerator
0x00007fff508cc000 	/System/Library/PrivateFrameworks/IOPresentment.framework/Versions/A/IOPresentment
0x00007fff4a97d000 	/System/Library/PrivateFrameworks/DSExternalDisplay.framework/Versions/A/DSExternalDisplay
0x00007fff3fabc000 	/System/Library/Frameworks/OpenGL.framework/Versions/A/Libraries/libCoreFSCache.dylib
0x00007fff37d44000 	/System/Library/Frameworks/CoreVideo.framework/Versions/A/CoreVideo
0x00007fff4febf000 	/System/Library/PrivateFrameworks/GraphVisualizer.framework/Versions/A/GraphVisualizer
0x00007fff3aac6000 	/System/Library/Frameworks/MetalPerformanceShaders.framework/Versions/A/MetalPerformanceShaders
0x00007fff5be77000 	/usr/lib/libFosl_dynamic.dylib
0x00007fff4ba4e000 	/System/Library/PrivateFrameworks/FaceCore.framework/Versions/A/FaceCore
0x00007fff3e8c3000 	/System/Library/Frameworks/OpenCL.framework/Versions/A/OpenCL
0x00007fff5c478000 	/usr/lib/libcompression.dylib
0x00007fff34686000 	/System/Library/Frameworks/ApplicationServices.framework/Versions/A/Frameworks/ATS.framework/Versions/A/Resources/libFontParser.dylib
0x00007fff347a9000 	/System/Library/Frameworks/ApplicationServices.framework/Versions/A/Frameworks/ATS.framework/Versions/A/Resources/libFontRegistry.dylib
0x00007fff38c89000 	/System/Library/Frameworks/ImageIO.framework/Versions/A/Resources/libJPEG.dylib
0x00007fff38fb2000 	/System/Library/Frameworks/ImageIO.framework/Versions/A/Resources/libTIFF.dylib
0x00007fff38f88000 	/System/Library/Frameworks/ImageIO.framework/Versions/A/Resources/libPng.dylib
0x00007fff38b9c000 	/System/Library/Frameworks/ImageIO.framework/Versions/A/Resources/libGIF.dylib
0x00007fff38ba1000 	/System/Library/Frameworks/ImageIO.framework/Versions/A/Resources/libJP2.dylib
0x00007fff38faf000 	/System/Library/Frameworks/ImageIO.framework/Versions/A/Resources/libRadiance.dylib
0x00007fff46433000 	/System/Library/PrivateFrameworks/AppleJPEG.framework/Versions/A/AppleJPEG
0x00007fff3a92d000 	/System/Library/Frameworks/MetalPerformanceShaders.framework/Frameworks/MPSCore.framework/Versions/A/MPSCore
0x00007fff3a949000 	/System/Library/Frameworks/MetalPerformanceShaders.framework/Frameworks/MPSImage.framework/Versions/A/MPSImage
0x00007fff3a9de000 	/System/Library/Frameworks/MetalPerformanceShaders.framework/Frameworks/MPSNeuralNetwork.framework/Versions/A/MPSNeuralNetwork
0x00007fff3a9b9000 	/System/Library/Frameworks/MetalPerformanceShaders.framework/Frameworks/MPSMatrix.framework/Versions/A/MPSMatrix
0x00007fff51d8f000 	/System/Library/PrivateFrameworks/MetalTools.framework/Versions/A/MetalTools
0x00007fff3fc86000 	/System/Library/Frameworks/OpenGL.framework/Versions/A/Libraries/libGLU.dylib
0x00007fff3fac7000 	/System/Library/Frameworks/OpenGL.framework/Versions/A/Libraries/libGFXShared.dylib
0x00007fff3fad1000 	/System/Library/Frameworks/OpenGL.framework/Versions/A/Libraries/libGL.dylib
0x00007fff3fadd000 	/System/Library/Frameworks/OpenGL.framework/Versions/A/Libraries/libGLImage.dylib
0x00007fff3fab9000 	/System/Library/Frameworks/OpenGL.framework/Versions/A/Libraries/libCVMSPluginSupport.dylib
0x00007fff3fac2000 	/System/Library/Frameworks/OpenGL.framework/Versions/A/Libraries/libCoreVMClient.dylib
0x00007fff5cc24000 	/usr/lib/libcups.2.dylib
0x00007fff39e9c000 	/System/Library/Frameworks/Kerberos.framework/Versions/A/Kerberos
0x00007fff38681000 	/System/Library/Frameworks/GSS.framework/Versions/A/GSS
0x00007fff5dd1f000 	/usr/lib/libresolv.9.dylib
0x00007fff5ce22000 	/usr/lib/libiconv.2.dylib
0x00007fff4ff51000 	/System/Library/PrivateFrameworks/Heimdal.framework/Versions/A/Heimdal
0x00007fff5cdf1000 	/usr/lib/libheimdal-asn1.dylib
0x00007fff3e92f000 	/System/Library/Frameworks/OpenDirectory.framework/Versions/A/OpenDirectory
0x00007fff48743000 	/System/Library/PrivateFrameworks/CommonAuth.framework/Versions/A/CommonAuth
0x00007fff3e912000 	/System/Library/Frameworks/OpenDirectory.framework/Versions/A/Frameworks/CFOpenDirectory.framework/Versions/A/CFOpenDirectory
0x00007fff42242000 	/System/Library/Frameworks/SecurityFoundation.framework/Versions/A/SecurityFoundation
0x00007fff4560a000 	/System/Library/PrivateFrameworks/APFS.framework/Versions/A/APFS
0x00007fff5e154000 	/usr/lib/libutil.dylib
0x00007fff464b6000 	/System/Library/PrivateFrameworks/AppleSauce.framework/Versions/A/AppleSauce
0x00007fff510a9000 	/System/Library/PrivateFrameworks/LinguisticData.framework/Versions/A/LinguisticData
0x00007fff5d1a4000 	/usr/lib/libmarisa.dylib
0x00007fff51063000 	/System/Library/PrivateFrameworks/Lexicon.framework/Versions/A/Lexicon
0x00007fff5bda2000 	/usr/lib/libChineseTokenizer.dylib
0x00007fff5c467000 	/usr/lib/libcmph.dylib
0x00007fff50f6d000 	/System/Library/PrivateFrameworks/LanguageModeling.framework/Versions/A/LanguageModeling
0x00007fff4924f000 	/System/Library/PrivateFrameworks/CoreEmoji.framework/Versions/A/CoreEmoji
0x00007fff42300000 	/System/Library/Frameworks/ServiceManagement.framework/Versions/A/ServiceManagement
0x00007fff46cfe000 	/System/Library/PrivateFrameworks/BackgroundTaskManagement.framework/Versions/A/BackgroundTaskManagement
0x00007fff5e251000 	/usr/lib/libxslt.1.dylib
0x00007fff35745000 	/System/Library/Frameworks/Carbon.framework/Versions/A/Frameworks/Ink.framework/Versions/A/Ink
0x00007fff5a0f0000 	/System/Library/PrivateFrameworks/TextureIO.framework/Versions/A/TextureIO
0x00007fff5c28c000 	/usr/lib/libate.dylib
0x00007fff4a8dd000 	/System/Library/PrivateFrameworks/CrashReporterSupport.framework/Versions/A/CrashReporterSupport
0x00007fff57449000 	/System/Library/PrivateFrameworks/Sharing.framework/Versions/A/Sharing
0x00007fff50caf000 	/System/Library/PrivateFrameworks/IconServices.framework/Versions/A/IconServices
0x00007fff462b8000 	/System/Library/PrivateFrameworks/Apple80211.framework/Versions/A/Apple80211
0x00007fff4a6f3000 	/System/Library/PrivateFrameworks/CoreUtils.framework/Versions/A/CoreUtils
0x00007fff37d7f000 	/System/Library/Frameworks/CoreWLAN.framework/Versions/A/CoreWLAN
0x00007fff387c3000 	/System/Library/Frameworks/IOBluetooth.framework/Versions/A/IOBluetooth
0x00007fff55915000 	/System/Library/PrivateFrameworks/ProtocolBuffer.framework/Versions/A/ProtocolBuffer
0x00007fff4a878000 	/System/Library/PrivateFrameworks/CoreWiFi.framework/Versions/A/CoreWiFi
0x00007fff35c90000 	/System/Library/Frameworks/CoreBluetooth.framework/Versions/A/CoreBluetooth
0x00007fff4aac7000 	/System/Library/PrivateFrameworks/DebugSymbols.framework/Versions/A/DebugSymbols
0x00007fff4a4aa000 	/System/Library/PrivateFrameworks/CoreSymbolication.framework/Versions/A/CoreSymbolication
0x00007fff598e2000 	/System/Library/PrivateFrameworks/Symbolication.framework/Versions/A/Symbolication
0x00007fff462e2000 	/System/Library/PrivateFrameworks/AppleFSCompression.framework/Versions/A/AppleFSCompression
0x00007fff58d31000 	/System/Library/PrivateFrameworks/SpeechRecognitionCore.framework/Versions/A/SpeechRecognitionCore
0x0000000110a56000 	/Library/Java/JavaVirtualMachines/jdk-10.jdk/Contents/Home/lib/server/libjvm.dylib
0x00007fff5e021000 	/usr/lib/libstdc++.6.0.9.dylib
0x000000010db33000 	/Library/Java/JavaVirtualMachines/jdk-10.jdk/Contents/Home/lib/libverify.dylib
0x000000010db40000 	/Library/Java/JavaVirtualMachines/jdk-10.jdk/Contents/Home/lib/libjava.dylib
0x000000010dbbf000 	/Library/Java/JavaVirtualMachines/jdk-10.jdk/Contents/Home/lib/libzip.dylib
0x000000010dbc7000 	/Library/Java/JavaVirtualMachines/jdk-10.jdk/Contents/Home/lib/libjimage.dylib
0x000000010dbe5000 	/Library/Java/JavaVirtualMachines/jdk-10.jdk/Contents/Home/lib/libnio.dylib
0x0000000132f5d000 	/Library/Java/JavaVirtualMachines/jdk-10.jdk/Contents/Home/lib/./libnet.dylib


VM Arguments:
jvm_args: -Dfile.encoding=UTF-8 
java_command: org.apache.catalina.startup.Tomcat$1
java_class_path (initial): /Library/Java/JavaVirtualMachines/jdk-10.jdk/Contents/Home/lib/jrt-fs.jar:/Users/hung/git/HealthCare/target/classes:/Users/hung/eclipse-workspace/apache-tomcat-8.0.37/lib/el-api.jar:/Users/hung/eclipse-workspace/apache-tomcat-8.0.37/lib/tomcat-i18n-es.jar:/Users/hung/eclipse-workspace/apache-tomcat-8.0.37/lib/tomcat-websocket.jar:/Users/hung/eclipse-workspace/apache-tomcat-8.0.37/lib/jasper.jar:/Users/hung/eclipse-workspace/apache-tomcat-8.0.37/lib/jasper-el.jar:/Users/hung/eclipse-workspace/apache-tomcat-8.0.37/lib/ecj-4.5.jar:/Users/hung/eclipse-workspace/apache-tomcat-8.0.37/lib/tomcat-util.jar:/Users/hung/eclipse-workspace/apache-tomcat-8.0.37/lib/catalina-storeconfig.jar:/Users/hung/eclipse-workspace/apache-tomcat-8.0.37/lib/jsp-api.jar:/Users/hung/eclipse-workspace/apache-tomcat-8.0.37/lib/catalina-tribes.jar:/Users/hung/eclipse-workspace/apache-tomcat-8.0.37/lib/catalina.jar:/Users/hung/eclipse-workspace/apache-tomcat-8.0.37/lib/tomcat-jni.jar:/Users/hung/eclipse-workspace/apache-tomcat-8.0.37/lib/websocket-api.jar:/Users/hung/eclipse-workspace/apache-tomcat-8.0.37/lib/tomcat-coyote.jar:/Users/hung/eclipse-workspace/apache-tomcat-8.0.37/lib/catalina-ha.jar:/Users/hung/eclipse-workspace/apache-tomcat-8.0.37/lib/tomcat-api.jar:/Users/hung/eclipse-workspace/apache-tomcat-8.0.37/lib/annotations-api.jar:/Users/hung/eclipse-workspace/apache-tomcat-8.0.37/lib/catalina-ant.jar:/Users/hung/eclipse-workspace/apache-tomcat-8.0.37/lib/servlet-api.jar:/Users/hung/eclipse-workspace/apache-tomcat-8.0.37/lib/tomcat-util-scan.jar:/Users/hung/eclipse-workspace/apache-tomcat-8.0.37/lib/tomcat-i18n-ja.jar:/Users/hung/eclipse-workspace/apache-tomcat-8.0.37/lib/tomcat-jdbc.jar:/Users/hung/eclipse-workspace/apache-tomcat-8.0.37/lib/tomcat-i18n-fr.jar:/Users/hung/eclipse-workspace/apache-tomcat-8.0.37/lib/tomcat-dbcp.jar:/Users/hung/.m2/repository/axis/axis/1.4/axis-1.4.jar:/Users/hung/.m2/repository/org/apache/axis/axis-saaj/1.4/axis-saaj-1.4.jar:/Users
Launcher Type: SUN_STANDARD

Logging:
Log output configuration:
#0: stdout all=warning uptime,level,tags
#1: stderr all=off uptime,level,tags

Environment Variables:
PATH=/usr/bin:/bin:/usr/sbin:/sbin
SHELL=/bin/bash

Signal Handlers:
SIGSEGV: [libjvm.dylib+0x799984], sa_mask[0]=11111111011111110111111111111111, sa_flags=SA_ONSTACK|SA_RESTART|SA_SIGINFO
SIGBUS: [libjvm.dylib+0x799984], sa_mask[0]=11111111011111110111111111111111, sa_flags=SA_RESTART|SA_SIGINFO
SIGFPE: [libjvm.dylib+0x799984], sa_mask[0]=11111111011111110111111111111111, sa_flags=SA_RESTART|SA_SIGINFO
SIGPIPE: [libjvm.dylib+0x6347c0], sa_mask[0]=11111111011111110111111111111111, sa_flags=SA_RESTART|SA_SIGINFO
SIGXFSZ: [libjvm.dylib+0x6347c0], sa_mask[0]=11111111011111110111111111111111, sa_flags=SA_RESTART|SA_SIGINFO
SIGILL: [libjvm.dylib+0x799984], sa_mask[0]=11111111011111110111111111111111, sa_flags=SA_RESTART|SA_SIGINFO
SIGUSR2: [libjvm.dylib+0x635050], sa_mask[0]=00100000000000000000000000000000, sa_flags=SA_RESTART|SA_SIGINFO
SIGHUP: [libjvm.dylib+0x63383b], sa_mask[0]=11111111011111110111111111111111, sa_flags=SA_RESTART|SA_SIGINFO
SIGINT: [libjvm.dylib+0x63383b], sa_mask[0]=11111111011111110111111111111111, sa_flags=SA_RESTART|SA_SIGINFO
SIGTERM: [libjvm.dylib+0x63383b], sa_mask[0]=11111111011111110111111111111111, sa_flags=SA_RESTART|SA_SIGINFO
SIGQUIT: [libjvm.dylib+0x63383b], sa_mask[0]=11111111011111110111111111111111, sa_flags=SA_RESTART|SA_SIGINFO


---------------  S Y S T E M  ---------------

OS:uname:Darwin 17.5.0 Darwin Kernel Version 17.5.0: Mon Mar  5 22:24:32 PST 2018; root:xnu-4570.51.1~1/RELEASE_X86_64 x86_64
rlimit: STACK 8192k, CORE 0k, NPROC 709, NOFILE 10240, AS infinity, DATA infinity, FSIZE infinity
load average:1.62 1.45 1.56

CPU:total 4 (initial active 4) (2 cores per cpu, 2 threads per core) family 6 model 61 stepping 4, cmov, cx8, fxsr, mmx, sse, sse2, sse3, ssse3, sse4.1, sse4.2, popcnt, avx, avx2, aes, clmul, erms, 3dnowpref, lzcnt, ht, tsc, tscinvbit, bmi1, bmi2, adx, fma

Memory: 4k page, physical 8388608k(865008k free)

vm_info: Java HotSpot(TM) 64-Bit Server VM (10+46) for bsd-amd64 JRE (10+46), built on Mar  8 2018 02:10:00 by "mach5one" with gcc 4.2.1 Compatible Apple LLVM 6.1.0 (clang-602.0.49)

END.
